<?xml version="1.0" encoding="UTF-8"?>
<testsuite xmlns:xsi="http://www.w3.org/2001/XMLSchema-instance" xsi:noNamespaceSchemaLocation="https://maven.apache.org/surefire/maven-surefire-plugin/xsd/surefire-test-report.xsd" name="com.fxj.course.CourseApplicationTests" time="8.757" tests="2" errors="0" skipped="0" failures="0">
  <properties>
    <property name="sun.desktop" value="windows"/>
    <property name="awt.toolkit" value="sun.awt.windows.WToolkit"/>
    <property name="file.encoding.pkg" value="sun.io"/>
    <property name="java.specification.version" value="1.8"/>
    <property name="sun.cpu.isalist" value="amd64"/>
    <property name="sun.jnu.encoding" value="GBK"/>
    <property name="java.class.path" value="D:\code_vue\springboot_vue\course\target\test-classes;D:\code_vue\springboot_vue\course\target\classes;D:\software\Apache\maven\repository\org\springframework\boot\spring-boot-starter-web\2.4.1\spring-boot-starter-web-2.4.1.jar;D:\software\Apache\maven\repository\org\springframework\boot\spring-boot-starter\2.4.1\spring-boot-starter-2.4.1.jar;D:\software\Apache\maven\repository\org\springframework\boot\spring-boot\2.4.1\spring-boot-2.4.1.jar;D:\software\Apache\maven\repository\org\springframework\boot\spring-boot-starter-logging\2.4.1\spring-boot-starter-logging-2.4.1.jar;D:\software\Apache\maven\repository\ch\qos\logback\logback-classic\1.2.3\logback-classic-1.2.3.jar;D:\software\Apache\maven\repository\ch\qos\logback\logback-core\1.2.3\logback-core-1.2.3.jar;D:\software\Apache\maven\repository\org\apache\logging\log4j\log4j-to-slf4j\2.13.3\log4j-to-slf4j-2.13.3.jar;D:\software\Apache\maven\repository\org\apache\logging\log4j\log4j-api\2.13.3\log4j-api-2.13.3.jar;D:\software\Apache\maven\repository\org\slf4j\jul-to-slf4j\1.7.30\jul-to-slf4j-1.7.30.jar;D:\software\Apache\maven\repository\jakarta\annotation\jakarta.annotation-api\1.3.5\jakarta.annotation-api-1.3.5.jar;D:\software\Apache\maven\repository\org\yaml\snakeyaml\1.27\snakeyaml-1.27.jar;D:\software\Apache\maven\repository\org\springframework\boot\spring-boot-starter-json\2.4.1\spring-boot-starter-json-2.4.1.jar;D:\software\Apache\maven\repository\com\fasterxml\jackson\core\jackson-databind\2.11.3\jackson-databind-2.11.3.jar;D:\software\Apache\maven\repository\com\fasterxml\jackson\core\jackson-core\2.11.3\jackson-core-2.11.3.jar;D:\software\Apache\maven\repository\com\fasterxml\jackson\datatype\jackson-datatype-jdk8\2.11.3\jackson-datatype-jdk8-2.11.3.jar;D:\software\Apache\maven\repository\com\fasterxml\jackson\datatype\jackson-datatype-jsr310\2.11.3\jackson-datatype-jsr310-2.11.3.jar;D:\software\Apache\maven\repository\com\fasterxml\jackson\module\jackson-module-parameter-names\2.11.3\jackson-module-parameter-names-2.11.3.jar;D:\software\Apache\maven\repository\org\springframework\boot\spring-boot-starter-tomcat\2.4.1\spring-boot-starter-tomcat-2.4.1.jar;D:\software\Apache\maven\repository\org\apache\tomcat\embed\tomcat-embed-core\9.0.41\tomcat-embed-core-9.0.41.jar;D:\software\Apache\maven\repository\org\glassfish\jakarta.el\3.0.3\jakarta.el-3.0.3.jar;D:\software\Apache\maven\repository\org\apache\tomcat\embed\tomcat-embed-websocket\9.0.41\tomcat-embed-websocket-9.0.41.jar;D:\software\Apache\maven\repository\org\springframework\spring-web\5.3.2\spring-web-5.3.2.jar;D:\software\Apache\maven\repository\org\springframework\spring-beans\5.3.2\spring-beans-5.3.2.jar;D:\software\Apache\maven\repository\org\springframework\spring-webmvc\5.3.2\spring-webmvc-5.3.2.jar;D:\software\Apache\maven\repository\org\springframework\spring-aop\5.3.2\spring-aop-5.3.2.jar;D:\software\Apache\maven\repository\org\springframework\spring-context\5.3.2\spring-context-5.3.2.jar;D:\software\Apache\maven\repository\org\springframework\spring-expression\5.3.2\spring-expression-5.3.2.jar;D:\software\Apache\maven\repository\org\projectlombok\lombok\1.18.16\lombok-1.18.16.jar;D:\software\Apache\maven\repository\junit\junit\4.13.1\junit-4.13.1.jar;D:\software\Apache\maven\repository\org\hamcrest\hamcrest-core\2.2\hamcrest-core-2.2.jar;D:\software\Apache\maven\repository\com\baomidou\mybatis-plus-boot-starter\3.4.1\mybatis-plus-boot-starter-3.4.1.jar;D:\software\Apache\maven\repository\com\baomidou\mybatis-plus\3.4.1\mybatis-plus-3.4.1.jar;D:\software\Apache\maven\repository\org\springframework\boot\spring-boot-autoconfigure\2.4.1\spring-boot-autoconfigure-2.4.1.jar;D:\software\Apache\maven\repository\org\springframework\boot\spring-boot-starter-jdbc\2.4.1\spring-boot-starter-jdbc-2.4.1.jar;D:\software\Apache\maven\repository\com\zaxxer\HikariCP\3.4.5\HikariCP-3.4.5.jar;D:\software\Apache\maven\repository\org\springframework\spring-jdbc\5.3.2\spring-jdbc-5.3.2.jar;D:\software\Apache\maven\repository\org\springframework\spring-tx\5.3.2\spring-tx-5.3.2.jar;D:\software\Apache\maven\repository\com\baomidou\mybatis-plus-generator\3.4.1\mybatis-plus-generator-3.4.1.jar;D:\software\Apache\maven\repository\com\baomidou\mybatis-plus-extension\3.4.1\mybatis-plus-extension-3.4.1.jar;D:\software\Apache\maven\repository\com\baomidou\mybatis-plus-core\3.4.1\mybatis-plus-core-3.4.1.jar;D:\software\Apache\maven\repository\com\baomidou\mybatis-plus-annotation\3.4.1\mybatis-plus-annotation-3.4.1.jar;D:\software\Apache\maven\repository\com\github\jsqlparser\jsqlparser\3.2\jsqlparser-3.2.jar;D:\software\Apache\maven\repository\org\mybatis\mybatis\3.5.6\mybatis-3.5.6.jar;D:\software\Apache\maven\repository\org\mybatis\mybatis-spring\2.0.5\mybatis-spring-2.0.5.jar;D:\software\Apache\maven\repository\org\apache\velocity\velocity-engine-core\2.2\velocity-engine-core-2.2.jar;D:\software\Apache\maven\repository\org\apache\commons\commons-lang3\3.11\commons-lang3-3.11.jar;D:\software\Apache\maven\repository\org\slf4j\slf4j-api\1.7.30\slf4j-api-1.7.30.jar;D:\software\Apache\maven\repository\io\springfox\springfox-swagger2\2.7.0\springfox-swagger2-2.7.0.jar;D:\software\Apache\maven\repository\io\swagger\swagger-annotations\1.5.13\swagger-annotations-1.5.13.jar;D:\software\Apache\maven\repository\io\swagger\swagger-models\1.5.13\swagger-models-1.5.13.jar;D:\software\Apache\maven\repository\com\fasterxml\jackson\core\jackson-annotations\2.11.3\jackson-annotations-2.11.3.jar;D:\software\Apache\maven\repository\io\springfox\springfox-spi\2.7.0\springfox-spi-2.7.0.jar;D:\software\Apache\maven\repository\io\springfox\springfox-core\2.7.0\springfox-core-2.7.0.jar;D:\software\Apache\maven\repository\io\springfox\springfox-schema\2.7.0\springfox-schema-2.7.0.jar;D:\software\Apache\maven\repository\io\springfox\springfox-swagger-common\2.7.0\springfox-swagger-common-2.7.0.jar;D:\software\Apache\maven\repository\io\springfox\springfox-spring-web\2.7.0\springfox-spring-web-2.7.0.jar;D:\software\Apache\maven\repository\org\reflections\reflections\0.9.11\reflections-0.9.11.jar;D:\software\Apache\maven\repository\org\javassist\javassist\3.21.0-GA\javassist-3.21.0-GA.jar;D:\software\Apache\maven\repository\com\google\guava\guava\18.0\guava-18.0.jar;D:\software\Apache\maven\repository\com\fasterxml\classmate\1.5.1\classmate-1.5.1.jar;D:\software\Apache\maven\repository\org\springframework\plugin\spring-plugin-core\1.2.0.RELEASE\spring-plugin-core-1.2.0.RELEASE.jar;D:\software\Apache\maven\repository\org\springframework\plugin\spring-plugin-metadata\1.2.0.RELEASE\spring-plugin-metadata-1.2.0.RELEASE.jar;D:\software\Apache\maven\repository\org\mapstruct\mapstruct\1.1.0.Final\mapstruct-1.1.0.Final.jar;D:\software\Apache\maven\repository\io\springfox\springfox-swagger-ui\2.7.0\springfox-swagger-ui-2.7.0.jar;D:\software\Apache\maven\repository\com\h2database\h2\1.4.200\h2-1.4.200.jar;D:\software\Apache\maven\repository\mysql\mysql-connector-java\8.0.22\mysql-connector-java-8.0.22.jar;D:\software\Apache\maven\repository\org\springframework\boot\spring-boot-starter-test\2.4.1\spring-boot-starter-test-2.4.1.jar;D:\software\Apache\maven\repository\org\springframework\boot\spring-boot-test\2.4.1\spring-boot-test-2.4.1.jar;D:\software\Apache\maven\repository\org\springframework\boot\spring-boot-test-autoconfigure\2.4.1\spring-boot-test-autoconfigure-2.4.1.jar;D:\software\Apache\maven\repository\com\jayway\jsonpath\json-path\2.4.0\json-path-2.4.0.jar;D:\software\Apache\maven\repository\net\minidev\json-smart\2.3\json-smart-2.3.jar;D:\software\Apache\maven\repository\net\minidev\accessors-smart\1.2\accessors-smart-1.2.jar;D:\software\Apache\maven\repository\org\ow2\asm\asm\5.0.4\asm-5.0.4.jar;D:\software\Apache\maven\repository\jakarta\xml\bind\jakarta.xml.bind-api\2.3.3\jakarta.xml.bind-api-2.3.3.jar;D:\software\Apache\maven\repository\jakarta\activation\jakarta.activation-api\1.2.2\jakarta.activation-api-1.2.2.jar;D:\software\Apache\maven\repository\org\assertj\assertj-core\3.18.1\assertj-core-3.18.1.jar;D:\software\Apache\maven\repository\org\hamcrest\hamcrest\2.2\hamcrest-2.2.jar;D:\software\Apache\maven\repository\org\junit\jupiter\junit-jupiter\5.7.0\junit-jupiter-5.7.0.jar;D:\software\Apache\maven\repository\org\junit\jupiter\junit-jupiter-api\5.7.0\junit-jupiter-api-5.7.0.jar;D:\software\Apache\maven\repository\org\apiguardian\apiguardian-api\1.1.0\apiguardian-api-1.1.0.jar;D:\software\Apache\maven\repository\org\opentest4j\opentest4j\1.2.0\opentest4j-1.2.0.jar;D:\software\Apache\maven\repository\org\junit\platform\junit-platform-commons\1.7.0\junit-platform-commons-1.7.0.jar;D:\software\Apache\maven\repository\org\junit\jupiter\junit-jupiter-params\5.7.0\junit-jupiter-params-5.7.0.jar;D:\software\Apache\maven\repository\org\junit\jupiter\junit-jupiter-engine\5.7.0\junit-jupiter-engine-5.7.0.jar;D:\software\Apache\maven\repository\org\junit\platform\junit-platform-engine\1.7.0\junit-platform-engine-1.7.0.jar;D:\software\Apache\maven\repository\org\mockito\mockito-core\3.6.28\mockito-core-3.6.28.jar;D:\software\Apache\maven\repository\net\bytebuddy\byte-buddy\1.10.18\byte-buddy-1.10.18.jar;D:\software\Apache\maven\repository\net\bytebuddy\byte-buddy-agent\1.10.18\byte-buddy-agent-1.10.18.jar;D:\software\Apache\maven\repository\org\objenesis\objenesis\3.1\objenesis-3.1.jar;D:\software\Apache\maven\repository\org\mockito\mockito-junit-jupiter\3.6.28\mockito-junit-jupiter-3.6.28.jar;D:\software\Apache\maven\repository\org\skyscreamer\jsonassert\1.5.0\jsonassert-1.5.0.jar;D:\software\Apache\maven\repository\com\vaadin\external\google\android-json\0.0.20131108.vaadin1\android-json-0.0.20131108.vaadin1.jar;D:\software\Apache\maven\repository\org\springframework\spring-core\5.3.2\spring-core-5.3.2.jar;D:\software\Apache\maven\repository\org\springframework\spring-jcl\5.3.2\spring-jcl-5.3.2.jar;D:\software\Apache\maven\repository\org\springframework\spring-test\5.3.2\spring-test-5.3.2.jar;D:\software\Apache\maven\repository\org\xmlunit\xmlunit-core\2.7.0\xmlunit-core-2.7.0.jar;"/>
    <property name="java.vm.vendor" value="Oracle Corporation"/>
    <property name="sun.arch.data.model" value="64"/>
    <property name="user.variant" value=""/>
    <property name="java.vendor.url" value="http://java.oracle.com/"/>
    <property name="user.timezone" value="Asia/Shanghai"/>
    <property name="java.vm.specification.version" value="1.8"/>
    <property name="os.name" value="Windows 10"/>
    <property name="user.country" value="CN"/>
    <property name="sun.java.launcher" value="SUN_STANDARD"/>
    <property name="sun.boot.library.path" value="D:\software\jdk\jre\bin"/>
    <property name="sun.java.command" value="C:\WINDOWS\Temp\surefire5702874289949352479\surefirebooter427120375274166240.jar C:\Windows\Temp\surefire5702874289949352479 2021-01-11T16-21-32_825-jvmRun1 surefire3348328763829472874tmp surefire_02492862277306096319tmp"/>
    <property name="surefire.test.class.path" value="D:\code_vue\springboot_vue\course\target\test-classes;D:\code_vue\springboot_vue\course\target\classes;D:\software\Apache\maven\repository\org\springframework\boot\spring-boot-starter-web\2.4.1\spring-boot-starter-web-2.4.1.jar;D:\software\Apache\maven\repository\org\springframework\boot\spring-boot-starter\2.4.1\spring-boot-starter-2.4.1.jar;D:\software\Apache\maven\repository\org\springframework\boot\spring-boot\2.4.1\spring-boot-2.4.1.jar;D:\software\Apache\maven\repository\org\springframework\boot\spring-boot-starter-logging\2.4.1\spring-boot-starter-logging-2.4.1.jar;D:\software\Apache\maven\repository\ch\qos\logback\logback-classic\1.2.3\logback-classic-1.2.3.jar;D:\software\Apache\maven\repository\ch\qos\logback\logback-core\1.2.3\logback-core-1.2.3.jar;D:\software\Apache\maven\repository\org\apache\logging\log4j\log4j-to-slf4j\2.13.3\log4j-to-slf4j-2.13.3.jar;D:\software\Apache\maven\repository\org\apache\logging\log4j\log4j-api\2.13.3\log4j-api-2.13.3.jar;D:\software\Apache\maven\repository\org\slf4j\jul-to-slf4j\1.7.30\jul-to-slf4j-1.7.30.jar;D:\software\Apache\maven\repository\jakarta\annotation\jakarta.annotation-api\1.3.5\jakarta.annotation-api-1.3.5.jar;D:\software\Apache\maven\repository\org\yaml\snakeyaml\1.27\snakeyaml-1.27.jar;D:\software\Apache\maven\repository\org\springframework\boot\spring-boot-starter-json\2.4.1\spring-boot-starter-json-2.4.1.jar;D:\software\Apache\maven\repository\com\fasterxml\jackson\core\jackson-databind\2.11.3\jackson-databind-2.11.3.jar;D:\software\Apache\maven\repository\com\fasterxml\jackson\core\jackson-core\2.11.3\jackson-core-2.11.3.jar;D:\software\Apache\maven\repository\com\fasterxml\jackson\datatype\jackson-datatype-jdk8\2.11.3\jackson-datatype-jdk8-2.11.3.jar;D:\software\Apache\maven\repository\com\fasterxml\jackson\datatype\jackson-datatype-jsr310\2.11.3\jackson-datatype-jsr310-2.11.3.jar;D:\software\Apache\maven\repository\com\fasterxml\jackson\module\jackson-module-parameter-names\2.11.3\jackson-module-parameter-names-2.11.3.jar;D:\software\Apache\maven\repository\org\springframework\boot\spring-boot-starter-tomcat\2.4.1\spring-boot-starter-tomcat-2.4.1.jar;D:\software\Apache\maven\repository\org\apache\tomcat\embed\tomcat-embed-core\9.0.41\tomcat-embed-core-9.0.41.jar;D:\software\Apache\maven\repository\org\glassfish\jakarta.el\3.0.3\jakarta.el-3.0.3.jar;D:\software\Apache\maven\repository\org\apache\tomcat\embed\tomcat-embed-websocket\9.0.41\tomcat-embed-websocket-9.0.41.jar;D:\software\Apache\maven\repository\org\springframework\spring-web\5.3.2\spring-web-5.3.2.jar;D:\software\Apache\maven\repository\org\springframework\spring-beans\5.3.2\spring-beans-5.3.2.jar;D:\software\Apache\maven\repository\org\springframework\spring-webmvc\5.3.2\spring-webmvc-5.3.2.jar;D:\software\Apache\maven\repository\org\springframework\spring-aop\5.3.2\spring-aop-5.3.2.jar;D:\software\Apache\maven\repository\org\springframework\spring-context\5.3.2\spring-context-5.3.2.jar;D:\software\Apache\maven\repository\org\springframework\spring-expression\5.3.2\spring-expression-5.3.2.jar;D:\software\Apache\maven\repository\org\projectlombok\lombok\1.18.16\lombok-1.18.16.jar;D:\software\Apache\maven\repository\junit\junit\4.13.1\junit-4.13.1.jar;D:\software\Apache\maven\repository\org\hamcrest\hamcrest-core\2.2\hamcrest-core-2.2.jar;D:\software\Apache\maven\repository\com\baomidou\mybatis-plus-boot-starter\3.4.1\mybatis-plus-boot-starter-3.4.1.jar;D:\software\Apache\maven\repository\com\baomidou\mybatis-plus\3.4.1\mybatis-plus-3.4.1.jar;D:\software\Apache\maven\repository\org\springframework\boot\spring-boot-autoconfigure\2.4.1\spring-boot-autoconfigure-2.4.1.jar;D:\software\Apache\maven\repository\org\springframework\boot\spring-boot-starter-jdbc\2.4.1\spring-boot-starter-jdbc-2.4.1.jar;D:\software\Apache\maven\repository\com\zaxxer\HikariCP\3.4.5\HikariCP-3.4.5.jar;D:\software\Apache\maven\repository\org\springframework\spring-jdbc\5.3.2\spring-jdbc-5.3.2.jar;D:\software\Apache\maven\repository\org\springframework\spring-tx\5.3.2\spring-tx-5.3.2.jar;D:\software\Apache\maven\repository\com\baomidou\mybatis-plus-generator\3.4.1\mybatis-plus-generator-3.4.1.jar;D:\software\Apache\maven\repository\com\baomidou\mybatis-plus-extension\3.4.1\mybatis-plus-extension-3.4.1.jar;D:\software\Apache\maven\repository\com\baomidou\mybatis-plus-core\3.4.1\mybatis-plus-core-3.4.1.jar;D:\software\Apache\maven\repository\com\baomidou\mybatis-plus-annotation\3.4.1\mybatis-plus-annotation-3.4.1.jar;D:\software\Apache\maven\repository\com\github\jsqlparser\jsqlparser\3.2\jsqlparser-3.2.jar;D:\software\Apache\maven\repository\org\mybatis\mybatis\3.5.6\mybatis-3.5.6.jar;D:\software\Apache\maven\repository\org\mybatis\mybatis-spring\2.0.5\mybatis-spring-2.0.5.jar;D:\software\Apache\maven\repository\org\apache\velocity\velocity-engine-core\2.2\velocity-engine-core-2.2.jar;D:\software\Apache\maven\repository\org\apache\commons\commons-lang3\3.11\commons-lang3-3.11.jar;D:\software\Apache\maven\repository\org\slf4j\slf4j-api\1.7.30\slf4j-api-1.7.30.jar;D:\software\Apache\maven\repository\io\springfox\springfox-swagger2\2.7.0\springfox-swagger2-2.7.0.jar;D:\software\Apache\maven\repository\io\swagger\swagger-annotations\1.5.13\swagger-annotations-1.5.13.jar;D:\software\Apache\maven\repository\io\swagger\swagger-models\1.5.13\swagger-models-1.5.13.jar;D:\software\Apache\maven\repository\com\fasterxml\jackson\core\jackson-annotations\2.11.3\jackson-annotations-2.11.3.jar;D:\software\Apache\maven\repository\io\springfox\springfox-spi\2.7.0\springfox-spi-2.7.0.jar;D:\software\Apache\maven\repository\io\springfox\springfox-core\2.7.0\springfox-core-2.7.0.jar;D:\software\Apache\maven\repository\io\springfox\springfox-schema\2.7.0\springfox-schema-2.7.0.jar;D:\software\Apache\maven\repository\io\springfox\springfox-swagger-common\2.7.0\springfox-swagger-common-2.7.0.jar;D:\software\Apache\maven\repository\io\springfox\springfox-spring-web\2.7.0\springfox-spring-web-2.7.0.jar;D:\software\Apache\maven\repository\org\reflections\reflections\0.9.11\reflections-0.9.11.jar;D:\software\Apache\maven\repository\org\javassist\javassist\3.21.0-GA\javassist-3.21.0-GA.jar;D:\software\Apache\maven\repository\com\google\guava\guava\18.0\guava-18.0.jar;D:\software\Apache\maven\repository\com\fasterxml\classmate\1.5.1\classmate-1.5.1.jar;D:\software\Apache\maven\repository\org\springframework\plugin\spring-plugin-core\1.2.0.RELEASE\spring-plugin-core-1.2.0.RELEASE.jar;D:\software\Apache\maven\repository\org\springframework\plugin\spring-plugin-metadata\1.2.0.RELEASE\spring-plugin-metadata-1.2.0.RELEASE.jar;D:\software\Apache\maven\repository\org\mapstruct\mapstruct\1.1.0.Final\mapstruct-1.1.0.Final.jar;D:\software\Apache\maven\repository\io\springfox\springfox-swagger-ui\2.7.0\springfox-swagger-ui-2.7.0.jar;D:\software\Apache\maven\repository\com\h2database\h2\1.4.200\h2-1.4.200.jar;D:\software\Apache\maven\repository\mysql\mysql-connector-java\8.0.22\mysql-connector-java-8.0.22.jar;D:\software\Apache\maven\repository\org\springframework\boot\spring-boot-starter-test\2.4.1\spring-boot-starter-test-2.4.1.jar;D:\software\Apache\maven\repository\org\springframework\boot\spring-boot-test\2.4.1\spring-boot-test-2.4.1.jar;D:\software\Apache\maven\repository\org\springframework\boot\spring-boot-test-autoconfigure\2.4.1\spring-boot-test-autoconfigure-2.4.1.jar;D:\software\Apache\maven\repository\com\jayway\jsonpath\json-path\2.4.0\json-path-2.4.0.jar;D:\software\Apache\maven\repository\net\minidev\json-smart\2.3\json-smart-2.3.jar;D:\software\Apache\maven\repository\net\minidev\accessors-smart\1.2\accessors-smart-1.2.jar;D:\software\Apache\maven\repository\org\ow2\asm\asm\5.0.4\asm-5.0.4.jar;D:\software\Apache\maven\repository\jakarta\xml\bind\jakarta.xml.bind-api\2.3.3\jakarta.xml.bind-api-2.3.3.jar;D:\software\Apache\maven\repository\jakarta\activation\jakarta.activation-api\1.2.2\jakarta.activation-api-1.2.2.jar;D:\software\Apache\maven\repository\org\assertj\assertj-core\3.18.1\assertj-core-3.18.1.jar;D:\software\Apache\maven\repository\org\hamcrest\hamcrest\2.2\hamcrest-2.2.jar;D:\software\Apache\maven\repository\org\junit\jupiter\junit-jupiter\5.7.0\junit-jupiter-5.7.0.jar;D:\software\Apache\maven\repository\org\junit\jupiter\junit-jupiter-api\5.7.0\junit-jupiter-api-5.7.0.jar;D:\software\Apache\maven\repository\org\apiguardian\apiguardian-api\1.1.0\apiguardian-api-1.1.0.jar;D:\software\Apache\maven\repository\org\opentest4j\opentest4j\1.2.0\opentest4j-1.2.0.jar;D:\software\Apache\maven\repository\org\junit\platform\junit-platform-commons\1.7.0\junit-platform-commons-1.7.0.jar;D:\software\Apache\maven\repository\org\junit\jupiter\junit-jupiter-params\5.7.0\junit-jupiter-params-5.7.0.jar;D:\software\Apache\maven\repository\org\junit\jupiter\junit-jupiter-engine\5.7.0\junit-jupiter-engine-5.7.0.jar;D:\software\Apache\maven\repository\org\junit\platform\junit-platform-engine\1.7.0\junit-platform-engine-1.7.0.jar;D:\software\Apache\maven\repository\org\mockito\mockito-core\3.6.28\mockito-core-3.6.28.jar;D:\software\Apache\maven\repository\net\bytebuddy\byte-buddy\1.10.18\byte-buddy-1.10.18.jar;D:\software\Apache\maven\repository\net\bytebuddy\byte-buddy-agent\1.10.18\byte-buddy-agent-1.10.18.jar;D:\software\Apache\maven\repository\org\objenesis\objenesis\3.1\objenesis-3.1.jar;D:\software\Apache\maven\repository\org\mockito\mockito-junit-jupiter\3.6.28\mockito-junit-jupiter-3.6.28.jar;D:\software\Apache\maven\repository\org\skyscreamer\jsonassert\1.5.0\jsonassert-1.5.0.jar;D:\software\Apache\maven\repository\com\vaadin\external\google\android-json\0.0.20131108.vaadin1\android-json-0.0.20131108.vaadin1.jar;D:\software\Apache\maven\repository\org\springframework\spring-core\5.3.2\spring-core-5.3.2.jar;D:\software\Apache\maven\repository\org\springframework\spring-jcl\5.3.2\spring-jcl-5.3.2.jar;D:\software\Apache\maven\repository\org\springframework\spring-test\5.3.2\spring-test-5.3.2.jar;D:\software\Apache\maven\repository\org\xmlunit\xmlunit-core\2.7.0\xmlunit-core-2.7.0.jar;"/>
    <property name="sun.cpu.endian" value="little"/>
    <property name="user.home" value="C:\Users\青辰"/>
    <property name="user.language" value="zh"/>
    <property name="java.specification.vendor" value="Oracle Corporation"/>
    <property name="java.home" value="D:\software\jdk\jre"/>
    <property name="basedir" value="D:\code_vue\springboot_vue\course"/>
    <property name="file.separator" value="\"/>
    <property name="line.separator" value="&#10;"/>
    <property name="idea.version2019.2.3" value="true"/>
    <property name="java.vm.specification.vendor" value="Oracle Corporation"/>
    <property name="java.specification.name" value="Java Platform API Specification"/>
    <property name="java.awt.graphicsenv" value="sun.awt.Win32GraphicsEnvironment"/>
    <property name="surefire.real.class.path" value="C:\WINDOWS\Temp\surefire5702874289949352479\surefirebooter427120375274166240.jar"/>
    <property name="sun.boot.class.path" value="D:\software\jdk\jre\lib\resources.jar;D:\software\jdk\jre\lib\rt.jar;D:\software\jdk\jre\lib\sunrsasign.jar;D:\software\jdk\jre\lib\jsse.jar;D:\software\jdk\jre\lib\jce.jar;D:\software\jdk\jre\lib\charsets.jar;D:\software\jdk\jre\lib\jfr.jar;D:\software\jdk\jre\classes"/>
    <property name="user.script" value=""/>
    <property name="sun.management.compiler" value="HotSpot 64-Bit Tiered Compilers"/>
    <property name="java.runtime.version" value="1.8.0_60-b27"/>
    <property name="user.name" value="青辰"/>
    <property name="path.separator" value=";"/>
    <property name="os.version" value="10.0"/>
    <property name="java.endorsed.dirs" value="D:\software\jdk\jre\lib\endorsed"/>
    <property name="java.runtime.name" value="Java(TM) SE Runtime Environment"/>
    <property name="file.encoding" value="GBK"/>
    <property name="java.vm.name" value="Java HotSpot(TM) 64-Bit Server VM"/>
    <property name="localRepository" value="D:\software\Apache\maven\repository"/>
    <property name="java.vendor.url.bug" value="http://bugreport.sun.com/bugreport/"/>
    <property name="java.io.tmpdir" value="C:\WINDOWS\Temp\"/>
    <property name="java.version" value="1.8.0_60"/>
    <property name="user.dir" value="D:\code_vue\springboot_vue\course"/>
    <property name="os.arch" value="amd64"/>
    <property name="java.vm.specification.name" value="Java Virtual Machine Specification"/>
    <property name="java.awt.printerjob" value="sun.awt.windows.WPrinterJob"/>
    <property name="sun.os.patch.level" value=""/>
    <property name="java.library.path" value="D:\software\jdk\jre\bin;C:\WINDOWS\Sun\Java\bin;C:\WINDOWS\system32;C:\WINDOWS;D:\software\xshell\;D:\software\python\Scripts\;D:\software\python\;C:\ProgramData\Oracle\Java\javapath;C:\Program Files (x86)\Intel\iCLS Client\;C:\Program Files\Intel\iCLS Client\;C:\windows\system32;C:\windows;C:\windows\System32\Wbem;C:\windows\System32\WindowsPowerShell\v1.0\;C:\Program Files (x86)\Intel\Intel(R) Management Engine Components\DAL;C:\Program Files\Intel\Intel(R) Management Engine Components\DAL;C:\Program Files (x86)\Intel\Intel(R) Management Engine Components\IPT;C:\Program Files\Intel\Intel(R) Management Engine Components\IPT;C:\WINDOWS\system32;C:\WINDOWS;C:\WINDOWS\System32\Wbem;C:\WINDOWS\System32\WindowsPowerShell\v1.0\;C:\WINDOWS\System32\OpenSSH\;C:\Program Files\Java\jdk-10.0.2\bin;C:\Program Files\dotnet\;C:\Program Files\Intel\WiFi\bin\;C:\Program Files\Common Files\Intel\WirelessCommon\;D:\软件\mysql57\bin;C;\Program Files\Microsoft SQL Server\110\DTS\Binn\;C:\Program Files (x86)\Microsoft SQL Server\110\Tools\Binn\;C:\Program Files\Microsoft SQL Server\110\Tools\Binn\;C:\Program Files (x86)\Microsoft SQL Server\110\Tools\Binn\ManagementStudio\;C:\Program Files (x86)\Microsoft Visual Studio 10.0\Common7\IDE\PrivateAssemblies\;C:\Program Files (x86)\Microsoft SQL Server\110\DTS\Binn\;C:\Program Files\Microsoft VS Code\bin;C:\Program Files\Git\cmd;D:\software\jdk\bin;D:\software\jdk\jre\bin;D:\software\tomcat\apache-tomcat-9.0.24\bin;D:\software\ando\Nox\bin;C:\Program Files (x86)\NVIDIA Corporation\PhysX\Common;C:\Program Files\NVIDIA Corporation\NVIDIA NvDLISR;D:\software\MySql\mysql-5.7.23-winx64\bin;D:\software\tortoisesvn\bin;D:\software\visualsvn\bin;D:\software\nodejs\;C:\Users\青辰\AppData\Local\Microsoft\WindowsApps;C:\Program Files\Microsoft VS Code\bin;D:\software\idea\IntelliJ IDEA 2019.2.1\bin;D:\software\Apache\maven\bin;C:\Users\青辰\AppData\Roaming\npm;D:\software\nodejs\node_global;C:\Users\青辰\AppData\Local\GitHubDesktop\bin;D:\software\nodejs\node_global\bin;;."/>
    <property name="java.vm.info" value="mixed mode"/>
    <property name="java.vendor" value="Oracle Corporation"/>
    <property name="java.vm.version" value="25.60-b23"/>
    <property name="java.ext.dirs" value="D:\software\jdk\jre\lib\ext;C:\WINDOWS\Sun\Java\lib\ext"/>
    <property name="sun.io.unicode.encoding" value="UnicodeLittle"/>
    <property name="maven.repo.local" value="D:\software\Apache\maven\repository"/>
    <property name="java.class.version" value="52.0"/>
  </properties>
  <testcase name="contextLoads" classname="com.fxj.course.CourseApplicationTests" time="0.625"/>
  <testcase name="testUpadte" classname="com.fxj.course.CourseApplicationTests" time="0.002"/>
</testsuite>